22:00:43 (18444 0.0000) [engine] Kernel::init_net start...
22:00:43 (18444 0.0310) [engine] service listen at: host[] port[12306] conn_max[1024].
22:00:43 (18444 0.0310) [engine] Kernel::init_db start...
22:00:43 (18444 0.0620) [engine] Kernel::init_cache start...
22:00:43 (18444 0.3120) [engine] Kernel::init_script start...
22:00:43 (18444 0.6710) [engine] Kernel::init ok!
22:03:07 (12664 0.0000) [engine] Kernel::init_net start...
22:03:07 (12664 0.0320) [engine] service listen at: host[] port[12306] conn_max[1024].
22:03:07 (12664 0.0320) [engine] Kernel::init_db start...
22:03:07 (12664 0.0470) [engine] Kernel::init_cache start...
22:03:07 (12664 0.2030) [engine] Kernel::init_script start...
22:03:07 (12664 0.4220) [engine] Kernel::init ok!
22:05:42 (18404 0.0000) [engine] Kernel::init_net start...
22:05:42 (18404 0.0310) [engine] service listen at: host[] port[12306] conn_max[1024].
22:05:42 (18404 0.0310) [engine] Kernel::init_db start...
22:05:42 (18404 0.0460) [engine] Kernel::init_cache start...
22:05:43 (18404 0.1870) [engine] Kernel::init_script start...
22:05:43 (18404 0.3740) [engine] Kernel::init ok!
22:14:26 (18456 0.0000) [engine] Kernel::init_net start...
22:14:26 (18456 0.0470) [engine] service listen at: host[] port[12306] conn_max[1024].
22:14:26 (18456 0.0470) [engine] Kernel::init_db start...
22:14:26 (18456 0.0630) [engine] Kernel::init_cache start...
22:14:26 (18456 0.2190) [engine] Kernel::init_script start...
22:14:26 (18456 0.4370) [engine] Kernel::init ok!
22:16:08 (19640 0.0000) [engine] Kernel::init_net start...
22:16:08 (19640 0.0150) [engine] service listen at: host[] port[12306] conn_max[1024].
22:16:08 (19640 0.0310) [engine] Kernel::init_db start...
22:16:08 (19640 0.0470) [engine] Kernel::init_cache start...
22:16:09 (19640 0.1870) [engine] Kernel::init_script start...
22:16:09 (19640 0.4050) [engine] Kernel::init ok!
