23:20:11 (3976 0.0000) [engine] Kernel::init_net start...
23:20:12 (3976 0.0310) [engine] service listen at: host[] port[12306] conn_max[1024].
23:20:12 (3976 0.0310) [engine] Kernel::init_db start...
23:20:12 (3976 0.0620) [engine] Kernel::init_cache start...
23:20:12 (3976 0.2180) [engine] Kernel::init_script start...
23:20:12 (3976 0.4520) [engine] Kernel::init ok!
23:21:08 (17032 0.0000) [engine] Kernel::init_net start...
23:21:08 (17032 0.0310) [engine] service listen at: host[] port[12306] conn_max[1024].
23:21:08 (17032 0.0310) [engine] Kernel::init_db start...
23:21:08 (17032 0.0470) [engine] Kernel::init_cache start...
23:21:08 (17032 0.2030) [engine] Kernel::init_script start...
23:21:08 (17032 0.4370) [engine] Kernel::init ok!
23:21:57 (18944 0.0000) [engine] Kernel::init_net start...
23:21:57 (18944 0.0160) [engine] service listen at: host[] port[12306] conn_max[1024].
23:21:57 (18944 0.0160) [engine] Kernel::init_db start...
23:21:57 (18944 0.0470) [engine] Kernel::init_cache start...
23:21:57 (18944 0.2030) [engine] Kernel::init_script start...
23:21:57 (18944 0.4060) [engine] Kernel::init ok!
23:23:14 (16376 0.0000) [engine] Kernel::init_net start...
23:23:14 (16376 0.0310) [engine] service listen at: host[] port[12306] conn_max[1024].
23:23:14 (16376 0.0310) [engine] Kernel::init_db start...
23:23:14 (16376 0.0470) [engine] Kernel::init_cache start...
23:23:14 (16376 0.2030) [engine] Kernel::init_script start...
23:23:15 (16376 0.4060) [engine] Kernel::init ok!
23:23:54 (11048 0.0000) [engine] Kernel::init_net start...
23:23:54 (11048 0.0310) [engine] service listen at: host[] port[12306] conn_max[1024].
23:23:54 (11048 0.0310) [engine] Kernel::init_db start...
23:23:54 (11048 0.0460) [engine] Kernel::init_cache start...
23:23:54 (11048 0.2020) [engine] Kernel::init_script start...
23:23:55 (11048 0.4210) [engine] Kernel::init ok!
23:24:51 (17232 0.0000) [engine] Kernel::init_net start...
23:24:51 (17232 0.0160) [engine] service listen at: host[] port[12306] conn_max[1024].
23:24:51 (17232 0.0160) [engine] Kernel::init_db start...
23:24:51 (17232 0.0470) [engine] Kernel::init_cache start...
23:24:52 (17232 0.1870) [engine] Kernel::init_script start...
23:24:52 (17232 0.4210) [engine] Kernel::init ok!
23:25:38 (19976 0.0000) [engine] Kernel::init_net start...
23:25:38 (19976 0.0160) [engine] service listen at: host[] port[12306] conn_max[1024].
23:25:38 (19976 0.0320) [engine] Kernel::init_db start...
23:25:38 (19976 0.0470) [engine] Kernel::init_cache start...
23:25:38 (19976 0.2030) [engine] Kernel::init_script start...
23:25:38 (19976 0.4220) [engine] Kernel::init ok!
